nohup: ignoring input
yarn run v1.9.4
$ react-scripts start
Something is already running on port 3000.
Done in 2.62s.
nohup: ignoring input
yarn run v1.9.4
$ react-scripts start
Something is already running on port 3000.
Done in 1.27s.
nohup: ignoring input
yarn run v1.9.4
$ react-scripts start
Browserslist: caniuse-lite is outdated. Please run next command `yarn upgrade caniuse-lite browserslist`
Starting the development server...

BrowserslistError: Unknown browser query `android all`
BrowserslistError: Unknown browser query `android all`
BrowserslistError: Unknown browser query `android all`
BrowserslistError: Unknown browser query `android all`
BrowserslistError: Unknown browser query `android all`
BrowserslistError: Unknown browser query `android all`
BrowserslistError: Unknown browser query `android all`
BrowserslistError: Unknown browser query `android all`
BrowserslistError: Unknown browser query `android all`
BrowserslistError: Unknown browser query `android all`
BrowserslistError: Unknown browser query `android all`
BrowserslistError: Unknown browser query `android all`
BrowserslistError: Unknown browser query `android all`
BrowserslistError: Unknown browser query `android all`
BrowserslistError: Unknown browser query `android all`
BrowserslistError: Unknown browser query `android all`
BrowserslistError: Unknown browser query `android all`
BrowserslistError: Unknown browser query `android all`
BrowserslistError: Unknown browser query `android all`
BrowserslistError: Unknown browser query `android all`
BrowserslistError: Unknown browser query `android all`
BrowserslistError: Unknown browser query `android all`
BrowserslistError: Unknown browser query `android all`
BrowserslistError: Unknown browser query `android all`
BrowserslistError: Unknown browser query `android all`
BrowserslistError: Unknown browser query `android all`
BrowserslistError: Unknown browser query `android all`
BrowserslistError: Unknown browser query `android all`
BrowserslistError: Unknown browser query `android all`
BrowserslistError: Unknown browser query `android all`
BrowserslistError: Unknown browser query `android all`
BrowserslistError: Unknown browser query `android all`
Compiled successfully!

You can now view camunda-poller in the browser.

  Local:            http://localhost:3000/
  On Your Network:  http://192.168.1.107:3000/

Note that the development build is not optimized.
To create a production build, use yarn build.

Compiling...
Failed to compile.

./src/components/Authenticator.js
  Line 4:  Expected an assignment or function call and instead saw an expression  no-unused-expressions

Search for the keywords to learn more about each error.
Compiling...
Failed to compile.

./src/components/Authenticator.js
  Line 4:  Expected an assignment or function call and instead saw an expression  no-unused-expressions

Search for the keywords to learn more about each error.
Compiling...
Compiled with warnings.

./src/components/Authenticator.js
  Line 1:    'React' is defined but never used         no-unused-vars
  Line 5:   'authenticate' is defined but never used  no-unused-vars
  Line 10:  'signout' is defined but never used       no-unused-vars

Search for the keywords to learn more about each warning.
To ignore, add // eslint-disable-next-line to the line before.

Compiling...
Compiled with warnings.

./src/components/Authenticator.js
  Line 1:    'React' is defined but never used         no-unused-vars
  Line 5:   'authenticate' is defined but never used  no-unused-vars
  Line 10:  'signout' is defined but never used       no-unused-vars

Search for the keywords to learn more about each warning.
To ignore, add // eslint-disable-next-line to the line before.

Compiling...
Compiled with warnings.

./src/components/Authenticator.js
  Line 1:    'React' is defined but never used                  no-unused-vars
  Line 15:  'authenticate' is assigned a value but never used  no-unused-vars

Search for the keywords to learn more about each warning.
To ignore, add // eslint-disable-next-line to the line before.

The build failed because the process exited too early. This probably means the system ran out of memory or someone called `kill -9` on the process.
error Command failed with exit code 1.
info Visit https://yarnpkg.com/en/docs/cli/run for documentation about this command.
